[debug] [2023-11-03T16:56:25.850Z] ----------------------------------------------------------------------
[debug] [2023-11-03T16:56:25.852Z] Command:       C:\Program Files\nodejs\node.exe C:\Users\Asus\AppData\Roaming\npm\node_modules\firebase-tools\lib\bin\firebase.js login
[debug] [2023-11-03T16:56:25.852Z] CLI Version:   12.8.0
[debug] [2023-11-03T16:56:25.853Z] Platform:      win32
[debug] [2023-11-03T16:56:25.853Z] Node Version:  v18.18.0
[debug] [2023-11-03T16:56:25.854Z] Time:          Fri Nov 03 2023 19:56:25 GMT+0300 (Москва, стандартное время)
[debug] [2023-11-03T16:56:25.854Z] ----------------------------------------------------------------------
[debug] 
[debug] [2023-11-03T16:56:25.857Z] >>> [apiv2][query] GET https://firebase-public.firebaseio.com/cli.json [none]
[info] i  Firebase optionally collects CLI and Emulator Suite usage and error reporting information to help improve our products. Data is collected in accordance with Google's privacy policy (https://policies.google.com/privacy) and is not used to identify you.
 
[debug] [2023-11-03T16:56:26.250Z] <<< [apiv2][status] GET https://firebase-public.firebaseio.com/cli.json 200
[debug] [2023-11-03T16:56:26.251Z] <<< [apiv2][body] GET https://firebase-public.firebaseio.com/cli.json {"cloudBuildErrorAfter":1594252800000,"cloudBuildWarnAfter":1590019200000,"defaultNode10After":1594252800000,"minVersion":"3.0.5","node8DeploysDisabledAfter":1613390400000,"node8RuntimeDisabledAfter":1615809600000,"node8WarnAfter":1600128000000}
[info] i  To change your data collection preference at any time, run `firebase logout` and log in again. 
[info] 
[info] Visit this URL on this device to log in:
[info] https://accounts.google.com/o/oauth2/auth?client_id=563584335869-fgrhgmd47bqnekij5i8b5pr03ho849e6.apps.googleusercontent.com&scope=email%20openid%20https%3A%2F%2Fwww.googleapis.com%2Fauth%2Fcloudplatformprojects.readonly%20https%3A%2F%2Fwww.googleapis.com%2Fauth%2Ffirebase%20https%3A%2F%2Fwww.googleapis.com%2Fauth%2Fcloud-platform&response_type=code&state=260445498&redirect_uri=http%3A%2F%2Flocalhost%3A9005
[info] 
[info] Waiting for authentication...
[debug] [2023-11-03T16:57:23.569Z] >>> [apiv2][query] POST https://auth.firebase.tools/attest [none]
[debug] [2023-11-03T16:57:23.569Z] >>> [apiv2][body] POST https://auth.firebase.tools/attest {"session_id":"02ba1602-e625-4978-805b-0e10115bdb12"}
[debug] [2023-11-03T16:57:24.075Z] <<< [apiv2][status] POST https://auth.firebase.tools/attest 200
[debug] [2023-11-03T16:57:24.075Z] <<< [apiv2][body] POST https://auth.firebase.tools/attest {"token":"HgUwLOmCCnfxQadeokdiYi8G3yj85lGXwFWaVDD3MZM"}
[info] 
[info] To sign in to the Firebase CLI:
[info] 
[info] 1. Take note of your session ID:
[info] 
[info]    02BA1
[info] 
[info] 2. Visit the URL below on any device and follow the instructions to get your code:
[info] 
[info]    https://auth.firebase.tools/login?code_challenge=NCi4kVypQ7xmQUzdqWgSvqITx-DpWllbG-BX12kpph4&session=02ba1602-e625-4978-805b-0e10115bdb12&attest=HgUwLOmCCnfxQadeokdiYi8G3yj85lGXwFWaVDD3MZM
[info] 
[info] 3. Paste or enter the authorization code below once you have it:
[info] 
[debug] [2023-11-03T16:57:40.208Z] ----------------------------------------------------------------------
[debug] [2023-11-03T16:57:40.212Z] Command:       C:\Program Files\nodejs\node.exe C:\Users\Asus\AppData\Roaming\npm\node_modules\firebase-tools\lib\bin\firebase.js login
[debug] [2023-11-03T16:57:40.212Z] CLI Version:   12.8.0
[debug] [2023-11-03T16:57:40.212Z] Platform:      win32
[debug] [2023-11-03T16:57:40.213Z] Node Version:  v18.18.0
[debug] [2023-11-03T16:57:40.213Z] Time:          Fri Nov 03 2023 19:57:40 GMT+0300 (Москва, стандартное время)
[debug] [2023-11-03T16:57:40.214Z] ----------------------------------------------------------------------
[debug] 
[info] i  Firebase optionally collects CLI and Emulator Suite usage and error reporting information to help improve our products. Data is collected in accordance with Google's privacy policy (https://policies.google.com/privacy) and is not used to identify you.
 
[info] i  To change your data collection preference at any time, run `firebase logout` and log in again. 
[info] 
[info] Visit this URL on this device to log in:
[info] https://accounts.google.com/o/oauth2/auth?client_id=563584335869-fgrhgmd47bqnekij5i8b5pr03ho849e6.apps.googleusercontent.com&scope=email%20openid%20https%3A%2F%2Fwww.googleapis.com%2Fauth%2Fcloudplatformprojects.readonly%20https%3A%2F%2Fwww.googleapis.com%2Fauth%2Ffirebase%20https%3A%2F%2Fwww.googleapis.com%2Fauth%2Fcloud-platform&response_type=code&state=224201947&redirect_uri=http%3A%2F%2Flocalhost%3A9005
[info] 
[info] Waiting for authentication...
[debug] [2023-11-03T16:57:50.535Z] ----------------------------------------------------------------------
[debug] [2023-11-03T16:57:50.537Z] Command:       C:\Program Files\nodejs\node.exe C:\Users\Asus\AppData\Roaming\npm\node_modules\firebase-tools\lib\bin\firebase.js login
[debug] [2023-11-03T16:57:50.537Z] CLI Version:   12.8.0
[debug] [2023-11-03T16:57:50.538Z] Platform:      win32
[debug] [2023-11-03T16:57:50.538Z] Node Version:  v18.18.0
[debug] [2023-11-03T16:57:50.539Z] Time:          Fri Nov 03 2023 19:57:50 GMT+0300 (Москва, стандартное время)
[debug] [2023-11-03T16:57:50.539Z] ----------------------------------------------------------------------
[debug] 
[info] i  Firebase optionally collects CLI and Emulator Suite usage and error reporting information to help improve our products. Data is collected in accordance with Google's privacy policy (https://policies.google.com/privacy) and is not used to identify you.
 
[info] 
[info] Visit this URL on this device to log in:
[info] https://accounts.google.com/o/oauth2/auth?client_id=563584335869-fgrhgmd47bqnekij5i8b5pr03ho849e6.apps.googleusercontent.com&scope=email%20openid%20https%3A%2F%2Fwww.googleapis.com%2Fauth%2Fcloudplatformprojects.readonly%20https%3A%2F%2Fwww.googleapis.com%2Fauth%2Ffirebase%20https%3A%2F%2Fwww.googleapis.com%2Fauth%2Fcloud-platform&response_type=code&state=1025475686&redirect_uri=http%3A%2F%2Flocalhost%3A9005
[info] 
[info] Waiting for authentication...
